{"/Users/anantbahuguna/dev/personal/assignments/saaslabs-fe/src/App.jsx": {"path":"/Users/anantbahuguna/dev/personal/assignments/saaslabs-fe/src/App.jsx","statementMap":{"0":{"start":{"line":9,"column":2},"end":{"line":9,"column":111}},"1":{"start":{"line":10,"column":23},"end":{"line":10,"column":24}},"2":{"start":{"line":13,"column":37},"end":{"line":13,"column":58}},"3":{"start":{"line":15,"column":40},"end":{"line":15,"column":51}},"4":{"start":{"line":16,"column":42},"end":{"line":16,"column":66}},"5":{"start":{"line":18,"column":22},"end":{"line":22,"column":3}},"6":{"start":{"line":20,"column":6},"end":{"line":20,"column":79}},"7":{"start":{"line":24,"column":2},"end":{"line":26,"column":3}},"8":{"start":{"line":25,"column":4},"end":{"line":25,"column":80}},"9":{"start":{"line":28,"column":2},"end":{"line":49,"column":4}}},"fnMap":{"0":{"name":"App","decl":{"start":{"line":12,"column":24},"end":{"line":12,"column":27}},"loc":{"start":{"line":12,"column":30},"end":{"line":50,"column":1}},"line":12},"1":{"name":"(anonymous_1)","decl":{"start":{"line":19,"column":4},"end":{"line":19,"column":5}},"loc":{"start":{"line":20,"column":6},"end":{"line":20,"column":79}},"line":20}},"branchMap":{"0":{"loc":{"start":{"line":24,"column":2},"end":{"line":26,"column":3}},"type":"if","locations":[{"start":{"line":24,"column":2},"end":{"line":26,"column":3}},{"start":{},"end":{}}],"line":24},"1":{"loc":{"start":{"line":30,"column":7},"end":{"line":47,"column":7}},"type":"cond-expr","locations":[{"start":{"line":31,"column":8},"end":{"line":31,"column":18}},{"start":{"line":33,"column":8},"end":{"line":46,"column":9}}],"line":30},"2":{"loc":{"start":{"line":33,"column":8},"end":{"line":46,"column":9}},"type":"binary-expr","locations":[{"start":{"line":33,"column":8},"end":{"line":33,"column":12}},{"start":{"line":34,"column":10},"end":{"line":45,"column":16}}],"line":33}},"s":{"0":1,"1":1,"2":3,"3":3,"4":3,"5":3,"6":3,"7":3,"8":1,"9":2},"f":{"0":3,"1":3},"b":{"0":[1,2],"1":[1,1],"2":[1,1]},"_coverageSchema":"1a1c01bbd47fc00a2c39e90264f33305004495a9","hash":"dd0f7fc273d3bf866423ebbf12e16c9dcfa191fc"}
,"/Users/anantbahuguna/dev/personal/assignments/saaslabs-fe/src/components/Loader/Loader.jsx": {"path":"/Users/anantbahuguna/dev/personal/assignments/saaslabs-fe/src/components/Loader/Loader.jsx","statementMap":{"0":{"start":{"line":5,"column":2},"end":{"line":7,"column":4}}},"fnMap":{"0":{"name":"Loader","decl":{"start":{"line":4,"column":24},"end":{"line":4,"column":30}},"loc":{"start":{"line":4,"column":33},"end":{"line":8,"column":1}},"line":4}},"branchMap":{},"s":{"0":1},"f":{"0":1},"b":{},"_coverageSchema":"1a1c01bbd47fc00a2c39e90264f33305004495a9","hash":"be219300675831018290da7d237b07ba7ffd5472"}
,"/Users/anantbahuguna/dev/personal/assignments/saaslabs-fe/src/components/Pagination/Pagination.jsx": {"path":"/Users/anantbahuguna/dev/personal/assignments/saaslabs-fe/src/components/Pagination/Pagination.jsx","statementMap":{"0":{"start":{"line":13,"column":21},"end":{"line":13,"column":57}},"1":{"start":{"line":15,"column":16},"end":{"line":40,"column":59}},"2":{"start":{"line":16,"column":21},"end":{"line":16,"column":23}},"3":{"start":{"line":17,"column":18},"end":{"line":17,"column":61}},"4":{"start":{"line":18,"column":16},"end":{"line":18,"column":72}},"5":{"start":{"line":21,"column":4},"end":{"line":21,"column":21}},"6":{"start":{"line":23,"column":4},"end":{"line":25,"column":5}},"7":{"start":{"line":24,"column":6},"end":{"line":24,"column":27}},"8":{"start":{"line":27,"column":4},"end":{"line":29,"column":5}},"9":{"start":{"line":27,"column":17},"end":{"line":27,"column":22}},"10":{"start":{"line":28,"column":6},"end":{"line":28,"column":23}},"11":{"start":{"line":31,"column":4},"end":{"line":33,"column":5}},"12":{"start":{"line":32,"column":6},"end":{"line":32,"column":27}},"13":{"start":{"line":35,"column":4},"end":{"line":37,"column":5}},"14":{"start":{"line":36,"column":6},"end":{"line":36,"column":32}},"15":{"start":{"line":39,"column":4},"end":{"line":39,"column":20}},"16":{"start":{"line":42,"column":2},"end":{"line":44,"column":3}},"17":{"start":{"line":43,"column":4},"end":{"line":43,"column":16}},"18":{"start":{"line":46,"column":2},"end":{"line":103,"column":4}},"19":{"start":{"line":51,"column":25},"end":{"line":51,"column":54}},"20":{"start":{"line":58,"column":10},"end":{"line":72,"column":12}},"21":{"start":{"line":68,"column":29},"end":{"line":68,"column":51}},"22":{"start":{"line":76,"column":25},"end":{"line":76,"column":54}},"23":{"start":{"line":90,"column":14},"end":{"line":90,"column":46}},"24":{"start":{"line":91,"column":14},"end":{"line":91,"column":32}}},"fnMap":{"0":{"name":"Pagination","decl":{"start":{"line":4,"column":24},"end":{"line":4,"column":34}},"loc":{"start":{"line":12,"column":3},"end":{"line":104,"column":1}},"line":12},"1":{"name":"(anonymous_1)","decl":{"start":{"line":15,"column":24},"end":{"line":15,"column":25}},"loc":{"start":{"line":15,"column":30},"end":{"line":40,"column":3}},"line":15},"2":{"name":"(anonymous_2)","decl":{"start":{"line":51,"column":19},"end":{"line":51,"column":20}},"loc":{"start":{"line":51,"column":25},"end":{"line":51,"column":54}},"line":51},"3":{"name":"(anonymous_3)","decl":{"start":{"line":57,"column":19},"end":{"line":57,"column":20}},"loc":{"start":{"line":57,"column":36},"end":{"line":73,"column":9}},"line":57},"4":{"name":"(anonymous_4)","decl":{"start":{"line":68,"column":23},"end":{"line":68,"column":24}},"loc":{"start":{"line":68,"column":29},"end":{"line":68,"column":51}},"line":68},"5":{"name":"(anonymous_5)","decl":{"start":{"line":76,"column":19},"end":{"line":76,"column":20}},"loc":{"start":{"line":76,"column":25},"end":{"line":76,"column":54}},"line":76},"6":{"name":"(anonymous_6)","decl":{"start":{"line":89,"column":22},"end":{"line":89,"column":23}},"loc":{"start":{"line":89,"column":29},"end":{"line":92,"column":13}},"line":89}},"branchMap":{"0":{"loc":{"start":{"line":23,"column":4},"end":{"line":25,"column":5}},"type":"if","locations":[{"start":{"line":23,"column":4},"end":{"line":25,"column":5}},{"start":{},"end":{}}],"line":23},"1":{"loc":{"start":{"line":31,"column":4},"end":{"line":33,"column":5}},"type":"if","locations":[{"start":{"line":31,"column":4},"end":{"line":33,"column":5}},{"start":{},"end":{}}],"line":31},"2":{"loc":{"start":{"line":35,"column":4},"end":{"line":37,"column":5}},"type":"if","locations":[{"start":{"line":35,"column":4},"end":{"line":37,"column":5}},{"start":{},"end":{}}],"line":35},"3":{"loc":{"start":{"line":42,"column":2},"end":{"line":44,"column":3}},"type":"if","locations":[{"start":{"line":42,"column":2},"end":{"line":44,"column":3}},{"start":{},"end":{}}],"line":42},"4":{"loc":{"start":{"line":58,"column":17},"end":{"line":72,"column":11}},"type":"cond-expr","locations":[{"start":{"line":59,"column":12},"end":{"line":61,"column":19}},{"start":{"line":63,"column":12},"end":{"line":71,"column":21}}],"line":58},"5":{"loc":{"start":{"line":65,"column":16},"end":{"line":65,"column":57}},"type":"cond-expr","locations":[{"start":{"line":65,"column":43},"end":{"line":65,"column":52}},{"start":{"line":65,"column":55},"end":{"line":65,"column":57}}],"line":65}},"s":{"0":3,"1":3,"2":3,"3":3,"4":3,"5":3,"6":3,"7":0,"8":3,"9":3,"10":4,"11":3,"12":2,"13":3,"14":2,"15":3,"16":3,"17":0,"18":3,"19":0,"20":11,"21":1,"22":0,"23":0,"24":0},"f":{"0":3,"1":3,"2":0,"3":11,"4":1,"5":0,"6":0},"b":{"0":[0,3],"1":[2,1],"2":[2,1],"3":[0,3],"4":[2,9],"5":[3,6]},"_coverageSchema":"1a1c01bbd47fc00a2c39e90264f33305004495a9","hash":"3c8e2acf1a69db3d60929e66dd17049b83e573e7"}
,"/Users/anantbahuguna/dev/personal/assignments/saaslabs-fe/src/components/ProjectsTable/ProjectsTable.jsx": {"path":"/Users/anantbahuguna/dev/personal/assignments/saaslabs-fe/src/components/ProjectsTable/ProjectsTable.jsx","statementMap":{"0":{"start":{"line":5,"column":2},"end":{"line":7,"column":3}},"1":{"start":{"line":6,"column":4},"end":{"line":6,"column":40}},"2":{"start":{"line":8,"column":2},"end":{"line":31,"column":4}},"3":{"start":{"line":20,"column":12},"end":{"line":26,"column":14}}},"fnMap":{"0":{"name":"ProjectsTable","decl":{"start":{"line":4,"column":24},"end":{"line":4,"column":37}},"loc":{"start":{"line":4,"column":52},"end":{"line":32,"column":1}},"line":4},"1":{"name":"(anonymous_1)","decl":{"start":{"line":19,"column":24},"end":{"line":19,"column":25}},"loc":{"start":{"line":19,"column":44},"end":{"line":27,"column":11}},"line":19}},"branchMap":{"0":{"loc":{"start":{"line":5,"column":2},"end":{"line":7,"column":3}},"type":"if","locations":[{"start":{"line":5,"column":2},"end":{"line":7,"column":3}},{"start":{},"end":{}}],"line":5},"1":{"loc":{"start":{"line":5,"column":6},"end":{"line":5,"column":35}},"type":"binary-expr","locations":[{"start":{"line":5,"column":6},"end":{"line":5,"column":15}},{"start":{"line":5,"column":19},"end":{"line":5,"column":35}}],"line":5}},"s":{"0":5,"1":2,"2":3,"3":6},"f":{"0":5,"1":6},"b":{"0":[2,3],"1":[5,4]},"_coverageSchema":"1a1c01bbd47fc00a2c39e90264f33305004495a9","hash":"457572318778125e448ee66e040a69a43d25ba43"}
,"/Users/anantbahuguna/dev/personal/assignments/saaslabs-fe/src/hooks/useFetchData.js": {"path":"/Users/anantbahuguna/dev/personal/assignments/saaslabs-fe/src/hooks/useFetchData.js","statementMap":{"0":{"start":{"line":5,"column":26},"end":{"line":5,"column":38}},"1":{"start":{"line":6,"column":36},"end":{"line":6,"column":51}},"2":{"start":{"line":7,"column":28},"end":{"line":7,"column":42}},"3":{"start":{"line":9,"column":2},"end":{"line":42,"column":12}},"4":{"start":{"line":10,"column":4},"end":{"line":12,"column":5}},"5":{"start":{"line":11,"column":6},"end":{"line":11,"column":13}},"6":{"start":{"line":13,"column":17},"end":{"line":13,"column":22}},"7":{"start":{"line":14,"column":22},"end":{"line":35,"column":5}},"8":{"start":{"line":15,"column":6},"end":{"line":15,"column":25}},"9":{"start":{"line":16,"column":6},"end":{"line":34,"column":7}},"10":{"start":{"line":17,"column":25},"end":{"line":17,"column":41}},"11":{"start":{"line":18,"column":8},"end":{"line":20,"column":9}},"12":{"start":{"line":19,"column":10},"end":{"line":19,"column":65}},"13":{"start":{"line":21,"column":24},"end":{"line":21,"column":45}},"14":{"start":{"line":22,"column":8},"end":{"line":24,"column":9}},"15":{"start":{"line":23,"column":10},"end":{"line":23,"column":27}},"16":{"start":{"line":26,"column":8},"end":{"line":31,"column":9}},"17":{"start":{"line":27,"column":10},"end":{"line":27,"column":32}},"18":{"start":{"line":29,"column":10},"end":{"line":29,"column":55}},"19":{"start":{"line":30,"column":10},"end":{"line":30,"column":20}},"20":{"start":{"line":33,"column":8},"end":{"line":33,"column":28}},"21":{"start":{"line":37,"column":4},"end":{"line":37,"column":16}},"22":{"start":{"line":39,"column":4},"end":{"line":41,"column":6}},"23":{"start":{"line":40,"column":6},"end":{"line":40,"column":20}},"24":{"start":{"line":43,"column":2},"end":{"line":43,"column":36}}},"fnMap":{"0":{"name":"useFetchData","decl":{"start":{"line":4,"column":24},"end":{"line":4,"column":36}},"loc":{"start":{"line":4,"column":42},"end":{"line":44,"column":1}},"line":4},"1":{"name":"(anonymous_1)","decl":{"start":{"line":9,"column":12},"end":{"line":9,"column":13}},"loc":{"start":{"line":9,"column":18},"end":{"line":42,"column":3}},"line":9},"2":{"name":"(anonymous_2)","decl":{"start":{"line":14,"column":22},"end":{"line":14,"column":23}},"loc":{"start":{"line":14,"column":34},"end":{"line":35,"column":5}},"line":14},"3":{"name":"(anonymous_3)","decl":{"start":{"line":39,"column":11},"end":{"line":39,"column":12}},"loc":{"start":{"line":39,"column":17},"end":{"line":41,"column":5}},"line":39}},"branchMap":{"0":{"loc":{"start":{"line":10,"column":4},"end":{"line":12,"column":5}},"type":"if","locations":[{"start":{"line":10,"column":4},"end":{"line":12,"column":5}},{"start":{},"end":{}}],"line":10},"1":{"loc":{"start":{"line":18,"column":8},"end":{"line":20,"column":9}},"type":"if","locations":[{"start":{"line":18,"column":8},"end":{"line":20,"column":9}},{"start":{},"end":{}}],"line":18},"2":{"loc":{"start":{"line":22,"column":8},"end":{"line":24,"column":9}},"type":"if","locations":[{"start":{"line":22,"column":8},"end":{"line":24,"column":9}},{"start":{},"end":{}}],"line":22},"3":{"loc":{"start":{"line":26,"column":8},"end":{"line":31,"column":9}},"type":"if","locations":[{"start":{"line":26,"column":8},"end":{"line":31,"column":9}},{"start":{"line":28,"column":15},"end":{"line":31,"column":9}}],"line":26}},"s":{"0":6,"1":6,"2":6,"3":6,"4":3,"5":1,"6":2,"7":2,"8":2,"9":2,"10":2,"11":2,"12":0,"13":1,"14":1,"15":1,"16":1,"17":1,"18":0,"19":0,"20":2,"21":2,"22":2,"23":2,"24":6},"f":{"0":6,"1":3,"2":2,"3":2},"b":{"0":[1,2],"1":[0,1],"2":[1,0],"3":[1,0]},"_coverageSchema":"1a1c01bbd47fc00a2c39e90264f33305004495a9","hash":"f12dfb76af72d1a5451eab2320e5a1923216745e"}
,"/Users/anantbahuguna/dev/personal/assignments/saaslabs-fe/src/tests/mocks/mockProjectsData.js": {"path":"/Users/anantbahuguna/dev/personal/assignments/saaslabs-fe/src/tests/mocks/mockProjectsData.js","statementMap":{"0":{"start":{"line":1,"column":32},"end":{"line":36,"column":1}}},"fnMap":{},"branchMap":{},"s":{"0":3},"f":{},"b":{},"_coverageSchema":"1a1c01bbd47fc00a2c39e90264f33305004495a9","hash":"c3c45149fe2796d594ca130879f640d037271b33"}
}
