TN:
SF:src/App.jsx
FN:12,App
FN:19,(anonymous_1)
FNF:2
FNH:2
FNDA:3,App
FNDA:3,(anonymous_1)
DA:9,1
DA:10,1
DA:13,3
DA:15,3
DA:16,3
DA:18,3
DA:20,3
DA:24,3
DA:25,1
DA:28,2
LF:10
LH:10
BRDA:24,0,0,1
BRDA:24,0,1,2
BRDA:30,1,0,1
BRDA:30,1,1,1
BRDA:33,2,0,1
BRDA:33,2,1,1
BRF:6
BRH:6
end_of_record
TN:
SF:src/components/Loader/Loader.jsx
FN:4,Loader
FNF:1
FNH:1
FNDA:1,Loader
DA:5,1
LF:1
LH:1
BRF:0
BRH:0
end_of_record
TN:
SF:src/components/Pagination/Pagination.jsx
FN:4,Pagination
FN:15,(anonymous_1)
FN:51,(anonymous_2)
FN:57,(anonymous_3)
FN:68,(anonymous_4)
FN:76,(anonymous_5)
FN:89,(anonymous_6)
FNF:7
FNH:4
FNDA:3,Pagination
FNDA:3,(anonymous_1)
FNDA:0,(anonymous_2)
FNDA:11,(anonymous_3)
FNDA:1,(anonymous_4)
FNDA:0,(anonymous_5)
FNDA:0,(anonymous_6)
DA:13,3
DA:15,3
DA:16,3
DA:17,3
DA:18,3
DA:21,3
DA:23,3
DA:24,0
DA:27,3
DA:28,4
DA:31,3
DA:32,2
DA:35,3
DA:36,2
DA:39,3
DA:42,3
DA:43,0
DA:46,3
DA:51,0
DA:58,11
DA:68,1
DA:76,0
DA:90,0
DA:91,0
LF:24
LH:18
BRDA:23,0,0,0
BRDA:23,0,1,3
BRDA:31,1,0,2
BRDA:31,1,1,1
BRDA:35,2,0,2
BRDA:35,2,1,1
BRDA:42,3,0,0
BRDA:42,3,1,3
BRDA:58,4,0,2
BRDA:58,4,1,9
BRDA:65,5,0,3
BRDA:65,5,1,6
BRF:12
BRH:10
end_of_record
TN:
SF:src/components/ProjectsTable/ProjectsTable.jsx
FN:4,ProjectsTable
FN:19,(anonymous_1)
FNF:2
FNH:2
FNDA:5,ProjectsTable
FNDA:6,(anonymous_1)
DA:5,5
DA:6,2
DA:8,3
DA:20,6
LF:4
LH:4
BRDA:5,0,0,2
BRDA:5,0,1,3
BRDA:5,1,0,5
BRDA:5,1,1,4
BRF:4
BRH:4
end_of_record
TN:
SF:src/hooks/useFetchData.js
FN:4,useFetchData
FN:9,(anonymous_1)
FN:14,(anonymous_2)
FN:39,(anonymous_3)
FNF:4
FNH:4
FNDA:6,useFetchData
FNDA:3,(anonymous_1)
FNDA:2,(anonymous_2)
FNDA:2,(anonymous_3)
DA:5,6
DA:6,6
DA:7,6
DA:9,6
DA:10,3
DA:11,1
DA:13,2
DA:14,2
DA:15,2
DA:16,2
DA:17,2
DA:18,2
DA:19,0
DA:21,1
DA:22,1
DA:23,1
DA:26,1
DA:27,1
DA:29,0
DA:30,0
DA:33,2
DA:37,2
DA:39,2
DA:40,2
DA:43,6
LF:25
LH:22
BRDA:10,0,0,1
BRDA:10,0,1,2
BRDA:18,1,0,0
BRDA:18,1,1,1
BRDA:22,2,0,1
BRDA:22,2,1,0
BRDA:26,3,0,1
BRDA:26,3,1,0
BRF:8
BRH:5
end_of_record
TN:
SF:src/tests/mocks/mockProjectsData.js
FNF:0
FNH:0
DA:1,3
LF:1
LH:1
BRF:0
BRH:0
end_of_record
